called
called
[UID:1178][3865433] Child process with pid: 3865460 was killed by signal: 15, core dump: 0
[UID:1178][3865433] Child process with pid: 3865461 was killed by signal: 15, core dump: 0
[UID:1178][3865433] Child process with pid: 3865462 was killed by signal: 15, core dump: 0
[UID:1178][3865433] Child process with pid: 3865463 was killed by signal: 15, core dump: 0
[UID:1178][3865433] Child process with pid: 3865464 was killed by signal: 15, core dump: 0
[UID:1178][3865433] Child process with pid: 3865470 was killed by signal: 15, core dump: 0
[UID:1178][3865433] Child process with pid: 3865483 was killed by signal: 15, core dump: 0
[UID:1178][3865433] Child process with pid: 3865536 was killed by signal: 15, core dump: 0
called
[UID:1178][3865433] Child process with pid: 3865545 was killed by signal: 15, core dump: 0
[UID:1178][3865433] Child process with pid: 3865570 was killed by signal: 15, core dump: 0
[UID:1178][3865433] Child process with pid: 3865572 was killed by signal: 15, core dump: 0
[UID:1178][3865433] Child process with pid: 3865576 was killed by signal: 15, core dump: 0
[UID:1178][3865433] Child process with pid: 3865580 was killed by signal: 15, core dump: 0
Traceback (most recent call last):
  File "/home/bhonwitx/MS-Hall/passenger_wsgi.py", line 14, in <module>
    from msh.wsgi import application
  File "/home/bhonwitx/MS-Hall/msh/wsgi.py", line 16, in <module>
    application = get_wsgi_application()
  File "/home/bhonwitx/virtualenv/MS-Hall/3.6/lib/python3.6/site-packages/django/core/wsgi.py", line 12, in get_wsgi_application
    django.setup(set_prefix=False)
  File "/home/bhonwitx/virtualenv/MS-Hall/3.6/lib/python3.6/site-packages/django/__init__.py", line 19, in setup
    configure_logging(settings.LOGGING_CONFIG, settings.LOGGING)
  File "/home/bhonwitx/virtualenv/MS-Hall/3.6/lib/python3.6/site-packages/django/conf/__init__.py", line 82, in __getattr__
    self._setup(name)
  File "/home/bhonwitx/virtualenv/MS-Hall/3.6/lib/python3.6/site-packages/django/conf/__init__.py", line 69, in _setup
    self._wrapped = Settings(settings_module)
  File "/home/bhonwitx/virtualenv/MS-Hall/3.6/lib/python3.6/site-packages/django/conf/__init__.py", line 170, in __init__
    mod = importlib.import_module(self.SETTINGS_MODULE)
  File "/home/bhonwitx/virtualenv/MS-Hall/3.6/lib64/python3.6/importlib/__init__.py", line 126, in import_module
    return _bootstrap._gcd_import(name[level:], package, level)
  File "/home/bhonwitx/MS-Hall/msh/settings.py", line 126, in <module>
    STATICFILES_DIRS = [BASE_DIR+"/assets",]
TypeError: unsupported operand type(s) for +: 'PosixPath' and 'str'
[UID:1178][3922212] Child process with pid: 3922228 was killed by signal: 15, core dump: 0
Traceback (most recent call last):
  File "/home/bhonwitx/MS-Hall/passenger_wsgi.py", line 14, in <module>
    from msh.wsgi import application
  File "/home/bhonwitx/MS-Hall/msh/wsgi.py", line 16, in <module>
    application = get_wsgi_application()
  File "/home/bhonwitx/virtualenv/MS-Hall/3.6/lib/python3.6/site-packages/django/core/wsgi.py", line 12, in get_wsgi_application
    django.setup(set_prefix=False)
  File "/home/bhonwitx/virtualenv/MS-Hall/3.6/lib/python3.6/site-packages/django/__init__.py", line 19, in setup
    configure_logging(settings.LOGGING_CONFIG, settings.LOGGING)
  File "/home/bhonwitx/virtualenv/MS-Hall/3.6/lib/python3.6/site-packages/django/conf/__init__.py", line 82, in __getattr__
    self._setup(name)
  File "/home/bhonwitx/virtualenv/MS-Hall/3.6/lib/python3.6/site-packages/django/conf/__init__.py", line 69, in _setup
    self._wrapped = Settings(settings_module)
  File "/home/bhonwitx/virtualenv/MS-Hall/3.6/lib/python3.6/site-packages/django/conf/__init__.py", line 170, in __init__
    mod = importlib.import_module(self.SETTINGS_MODULE)
  File "/home/bhonwitx/virtualenv/MS-Hall/3.6/lib64/python3.6/importlib/__init__.py", line 126, in import_module
    return _bootstrap._gcd_import(name[level:], package, level)
  File "/home/bhonwitx/MS-Hall/msh/settings.py", line 126, in <module>
    STATICFILES_DIRS = [BASE_DIR+"/assets",]
TypeError: unsupported operand type(s) for +: 'PosixPath' and 'str'
[UID:1178][3957179] Child process with pid: 3957196 was killed by signal: 15, core dump: 0
[UID:1178][3957963] Child process with pid: 3958021 was killed by signal: 15, core dump: 0
[UID:1178][3957179] Child process with pid: 3958536 was killed by signal: 15, core dump: 0
[UID:1178][3957179] Child process with pid: 3958542 was killed by signal: 15, core dump: 0
[UID:1178][3957179] Child process with pid: 3960101 was killed by signal: 15, core dump: 0
[UID:1178][3957179] Child process with pid: 3960106 was killed by signal: 15, core dump: 0
Traceback (most recent call last):
  File "/home/bhonwitx/MS-Hall/passenger_wsgi.py", line 14, in <module>
    from msh.wsgi import application
  File "/home/bhonwitx/MS-Hall/msh/wsgi.py", line 16, in <module>
    application = get_wsgi_application()
  File "/home/bhonwitx/virtualenv/MS-Hall/3.6/lib/python3.6/site-packages/django/core/wsgi.py", line 12, in get_wsgi_application
    django.setup(set_prefix=False)
  File "/home/bhonwitx/virtualenv/MS-Hall/3.6/lib/python3.6/site-packages/django/__init__.py", line 19, in setup
    configure_logging(settings.LOGGING_CONFIG, settings.LOGGING)
  File "/home/bhonwitx/virtualenv/MS-Hall/3.6/lib/python3.6/site-packages/django/conf/__init__.py", line 82, in __getattr__
    self._setup(name)
  File "/home/bhonwitx/virtualenv/MS-Hall/3.6/lib/python3.6/site-packages/django/conf/__init__.py", line 69, in _setup
    self._wrapped = Settings(settings_module)
  File "/home/bhonwitx/virtualenv/MS-Hall/3.6/lib/python3.6/site-packages/django/conf/__init__.py", line 170, in __init__
    mod = importlib.import_module(self.SETTINGS_MODULE)
  File "/home/bhonwitx/virtualenv/MS-Hall/3.6/lib64/python3.6/importlib/__init__.py", line 126, in import_module
    return _bootstrap._gcd_import(name[level:], package, level)
  File "/home/bhonwitx/MS-Hall/msh/settings.py", line 126, in <module>
    STATICFILES_DIRS = [BASE_DIR+"/assets",]
TypeError: unsupported operand type(s) for +: 'PosixPath' and 'str'
Traceback (most recent call last):
  File "/home/bhonwitx/MS-Hall/passenger_wsgi.py", line 14, in <module>
    from msh.wsgi import application
  File "/home/bhonwitx/MS-Hall/msh/wsgi.py", line 16, in <module>
    application = get_wsgi_application()
  File "/home/bhonwitx/virtualenv/MS-Hall/3.6/lib/python3.6/site-packages/django/core/wsgi.py", line 12, in get_wsgi_application
    django.setup(set_prefix=False)
  File "/home/bhonwitx/virtualenv/MS-Hall/3.6/lib/python3.6/site-packages/django/__init__.py", line 19, in setup
    configure_logging(settings.LOGGING_CONFIG, settings.LOGGING)
  File "/home/bhonwitx/virtualenv/MS-Hall/3.6/lib/python3.6/site-packages/django/conf/__init__.py", line 82, in __getattr__
    self._setup(name)
  File "/home/bhonwitx/virtualenv/MS-Hall/3.6/lib/python3.6/site-packages/django/conf/__init__.py", line 69, in _setup
    self._wrapped = Settings(settings_module)
  File "/home/bhonwitx/virtualenv/MS-Hall/3.6/lib/python3.6/site-packages/django/conf/__init__.py", line 170, in __init__
    mod = importlib.import_module(self.SETTINGS_MODULE)
  File "/home/bhonwitx/virtualenv/MS-Hall/3.6/lib64/python3.6/importlib/__init__.py", line 126, in import_module
    return _bootstrap._gcd_import(name[level:], package, level)
  File "/home/bhonwitx/MS-Hall/msh/settings.py", line 126, in <module>
    STATICFILES_DIRS = [BASE_DIR+"/assets",]
TypeError: unsupported operand type(s) for +: 'PosixPath' and 'str'
[UID:1178][3977843] Child process with pid: 3977851 was killed by signal: 15, core dump: 0
[UID:1178][3977843] Child process with pid: 3977876 was killed by signal: 15, core dump: 0
[UID:1178][3977843] Child process with pid: 3978574 was killed by signal: 15, core dump: 0
[UID:1178][3977843] Child process with pid: 3978577 was killed by signal: 15, core dump: 0
[UID:1178][3982990] Child process with pid: 3983010 was killed by signal: 15, core dump: 0
Traceback (most recent call last):
  File "/home/bhonwitx/MS-Hall/passenger_wsgi.py", line 14, in <module>
    from msh.wsgi import application
  File "/home/bhonwitx/MS-Hall/msh/wsgi.py", line 16, in <module>
    application = get_wsgi_application()
  File "/home/bhonwitx/virtualenv/MS-Hall/3.6/lib/python3.6/site-packages/django/core/wsgi.py", line 12, in get_wsgi_application
    django.setup(set_prefix=False)
  File "/home/bhonwitx/virtualenv/MS-Hall/3.6/lib/python3.6/site-packages/django/__init__.py", line 19, in setup
    configure_logging(settings.LOGGING_CONFIG, settings.LOGGING)
  File "/home/bhonwitx/virtualenv/MS-Hall/3.6/lib/python3.6/site-packages/django/conf/__init__.py", line 82, in __getattr__
    self._setup(name)
  File "/home/bhonwitx/virtualenv/MS-Hall/3.6/lib/python3.6/site-packages/django/conf/__init__.py", line 69, in _setup
    self._wrapped = Settings(settings_module)
  File "/home/bhonwitx/virtualenv/MS-Hall/3.6/lib/python3.6/site-packages/django/conf/__init__.py", line 170, in __init__
    mod = importlib.import_module(self.SETTINGS_MODULE)
  File "/home/bhonwitx/virtualenv/MS-Hall/3.6/lib64/python3.6/importlib/__init__.py", line 126, in import_module
    return _bootstrap._gcd_import(name[level:], package, level)
  File "/home/bhonwitx/MS-Hall/msh/settings.py", line 126, in <module>
    STATICFILES_DIRS = [BASE_DIR+"/assets",]
TypeError: unsupported operand type(s) for +: 'PosixPath' and 'str'
Traceback (most recent call last):
  File "/home/bhonwitx/MS-Hall/passenger_wsgi.py", line 14, in <module>
    from msh.wsgi import application
  File "/home/bhonwitx/MS-Hall/msh/wsgi.py", line 16, in <module>
    application = get_wsgi_application()
  File "/home/bhonwitx/virtualenv/MS-Hall/3.6/lib/python3.6/site-packages/django/core/wsgi.py", line 12, in get_wsgi_application
    django.setup(set_prefix=False)
  File "/home/bhonwitx/virtualenv/MS-Hall/3.6/lib/python3.6/site-packages/django/__init__.py", line 19, in setup
    configure_logging(settings.LOGGING_CONFIG, settings.LOGGING)
  File "/home/bhonwitx/virtualenv/MS-Hall/3.6/lib/python3.6/site-packages/django/conf/__init__.py", line 82, in __getattr__
    self._setup(name)
  File "/home/bhonwitx/virtualenv/MS-Hall/3.6/lib/python3.6/site-packages/django/conf/__init__.py", line 69, in _setup
    self._wrapped = Settings(settings_module)
  File "/home/bhonwitx/virtualenv/MS-Hall/3.6/lib/python3.6/site-packages/django/conf/__init__.py", line 170, in __init__
    mod = importlib.import_module(self.SETTINGS_MODULE)
  File "/home/bhonwitx/virtualenv/MS-Hall/3.6/lib64/python3.6/importlib/__init__.py", line 126, in import_module
    return _bootstrap._gcd_import(name[level:], package, level)
  File "/home/bhonwitx/MS-Hall/msh/settings.py", line 126, in <module>
    STATICFILES_DIRS = [BASE_DIR+"/assets",]
TypeError: unsupported operand type(s) for +: 'PosixPath' and 'str'
[UID:1178][4012598] Child process with pid: 4012611 was killed by signal: 15, core dump: 0
[UID:1178][4012598] Child process with pid: 4012615 was killed by signal: 15, core dump: 0
Traceback (most recent call last):
  File "/home/bhonwitx/MS-Hall/passenger_wsgi.py", line 14, in <module>
    from msh.wsgi import application
  File "/home/bhonwitx/MS-Hall/msh/wsgi.py", line 16, in <module>
    application = get_wsgi_application()
  File "/home/bhonwitx/virtualenv/MS-Hall/3.6/lib/python3.6/site-packages/django/core/wsgi.py", line 12, in get_wsgi_application
    django.setup(set_prefix=False)
  File "/home/bhonwitx/virtualenv/MS-Hall/3.6/lib/python3.6/site-packages/django/__init__.py", line 19, in setup
    configure_logging(settings.LOGGING_CONFIG, settings.LOGGING)
  File "/home/bhonwitx/virtualenv/MS-Hall/3.6/lib/python3.6/site-packages/django/conf/__init__.py", line 82, in __getattr__
    self._setup(name)
  File "/home/bhonwitx/virtualenv/MS-Hall/3.6/lib/python3.6/site-packages/django/conf/__init__.py", line 69, in _setup
    self._wrapped = Settings(settings_module)
  File "/home/bhonwitx/virtualenv/MS-Hall/3.6/lib/python3.6/site-packages/django/conf/__init__.py", line 170, in __init__
    mod = importlib.import_module(self.SETTINGS_MODULE)
  File "/home/bhonwitx/virtualenv/MS-Hall/3.6/lib64/python3.6/importlib/__init__.py", line 126, in import_module
    return _bootstrap._gcd_import(name[level:], package, level)
  File "/home/bhonwitx/MS-Hall/msh/settings.py", line 126, in <module>
    STATICFILES_DIRS = [BASE_DIR+"/assets",]
TypeError: unsupported operand type(s) for +: 'PosixPath' and 'str'
[UID:1178][4021508] Child process with pid: 4021518 was killed by signal: 15, core dump: 0
[UID:1178][4021632] Child process with pid: 4021639 was killed by signal: 15, core dump: 0
[UID:1178][4021508] Child process with pid: 4021646 was killed by signal: 15, core dump: 0
[UID:1178][4021632] Child process with pid: 4021694 was killed by signal: 15, core dump: 0
[UID:1178][4021508] Child process with pid: 4021761 was killed by signal: 15, core dump: 0
[UID:1178][4021632] Child process with pid: 4021773 was killed by signal: 15, core dump: 0
Traceback (most recent call last):
  File "/home/bhonwitx/MS-Hall/passenger_wsgi.py", line 14, in <module>
    from msh.wsgi import application
  File "/home/bhonwitx/MS-Hall/msh/wsgi.py", line 16, in <module>
    application = get_wsgi_application()
  File "/home/bhonwitx/virtualenv/MS-Hall/3.6/lib/python3.6/site-packages/django/core/wsgi.py", line 12, in get_wsgi_application
    django.setup(set_prefix=False)
  File "/home/bhonwitx/virtualenv/MS-Hall/3.6/lib/python3.6/site-packages/django/__init__.py", line 19, in setup
    configure_logging(settings.LOGGING_CONFIG, settings.LOGGING)
  File "/home/bhonwitx/virtualenv/MS-Hall/3.6/lib/python3.6/site-packages/django/conf/__init__.py", line 82, in __getattr__
    self._setup(name)
  File "/home/bhonwitx/virtualenv/MS-Hall/3.6/lib/python3.6/site-packages/django/conf/__init__.py", line 69, in _setup
    self._wrapped = Settings(settings_module)
  File "/home/bhonwitx/virtualenv/MS-Hall/3.6/lib/python3.6/site-packages/django/conf/__init__.py", line 170, in __init__
    mod = importlib.import_module(self.SETTINGS_MODULE)
  File "/home/bhonwitx/virtualenv/MS-Hall/3.6/lib64/python3.6/importlib/__init__.py", line 126, in import_module
    return _bootstrap._gcd_import(name[level:], package, level)
  File "/home/bhonwitx/MS-Hall/msh/settings.py", line 126, in <module>
    STATICFILES_DIRS = [BASE_DIR+"/assets",]
TypeError: unsupported operand type(s) for +: 'PosixPath' and 'str'
Traceback (most recent call last):
  File "/home/bhonwitx/MS-Hall/passenger_wsgi.py", line 14, in <module>
    from msh.wsgi import application
  File "/home/bhonwitx/MS-Hall/msh/wsgi.py", line 16, in <module>
    application = get_wsgi_application()
  File "/home/bhonwitx/virtualenv/MS-Hall/3.6/lib/python3.6/site-packages/django/core/wsgi.py", line 12, in get_wsgi_application
    django.setup(set_prefix=False)
  File "/home/bhonwitx/virtualenv/MS-Hall/3.6/lib/python3.6/site-packages/django/__init__.py", line 19, in setup
    configure_logging(settings.LOGGING_CONFIG, settings.LOGGING)
  File "/home/bhonwitx/virtualenv/MS-Hall/3.6/lib/python3.6/site-packages/django/conf/__init__.py", line 82, in __getattr__
    self._setup(name)
  File "/home/bhonwitx/virtualenv/MS-Hall/3.6/lib/python3.6/site-packages/django/conf/__init__.py", line 69, in _setup
    self._wrapped = Settings(settings_module)
  File "/home/bhonwitx/virtualenv/MS-Hall/3.6/lib/python3.6/site-packages/django/conf/__init__.py", line 170, in __init__
    mod = importlib.import_module(self.SETTINGS_MODULE)
  File "/home/bhonwitx/virtualenv/MS-Hall/3.6/lib64/python3.6/importlib/__init__.py", line 126, in import_module
    return _bootstrap._gcd_import(name[level:], package, level)
  File "/home/bhonwitx/MS-Hall/msh/settings.py", line 126, in <module>
    STATICFILES_DIRS = [BASE_DIR+"/assets",]
TypeError: unsupported operand type(s) for +: 'PosixPath' and 'str'
[UID:1178][9244] Child process with pid: 9366 was killed by signal: 15, core dump: 0
[UID:1178][9244] Child process with pid: 9375 was killed by signal: 15, core dump: 0
Traceback (most recent call last):
  File "/home/bhonwitx/MS-Hall/passenger_wsgi.py", line 14, in <module>
    from msh.wsgi import application
  File "/home/bhonwitx/MS-Hall/msh/wsgi.py", line 16, in <module>
    application = get_wsgi_application()
  File "/home/bhonwitx/virtualenv/MS-Hall/3.6/lib/python3.6/site-packages/django/core/wsgi.py", line 12, in get_wsgi_application
    django.setup(set_prefix=False)
  File "/home/bhonwitx/virtualenv/MS-Hall/3.6/lib/python3.6/site-packages/django/__init__.py", line 19, in setup
    configure_logging(settings.LOGGING_CONFIG, settings.LOGGING)
  File "/home/bhonwitx/virtualenv/MS-Hall/3.6/lib/python3.6/site-packages/django/conf/__init__.py", line 82, in __getattr__
    self._setup(name)
  File "/home/bhonwitx/virtualenv/MS-Hall/3.6/lib/python3.6/site-packages/django/conf/__init__.py", line 69, in _setup
    self._wrapped = Settings(settings_module)
  File "/home/bhonwitx/virtualenv/MS-Hall/3.6/lib/python3.6/site-packages/django/conf/__init__.py", line 170, in __init__
    mod = importlib.import_module(self.SETTINGS_MODULE)
  File "/home/bhonwitx/virtualenv/MS-Hall/3.6/lib64/python3.6/importlib/__init__.py", line 126, in import_module
    return _bootstrap._gcd_import(name[level:], package, level)
  File "/home/bhonwitx/MS-Hall/msh/settings.py", line 126, in <module>
    STATICFILES_DIRS = [BASE_DIR+"/assets",]
TypeError: unsupported operand type(s) for +: 'PosixPath' and 'str'
[UID:1178][230054] Child process with pid: 230188 was killed by signal: 15, core dump: 0
[UID:1178][230054] Child process with pid: 230192 was killed by signal: 15, core dump: 0
Traceback (most recent call last):
  File "/home/bhonwitx/MS-Hall/passenger_wsgi.py", line 14, in <module>
    from msh.wsgi import application
  File "/home/bhonwitx/MS-Hall/msh/wsgi.py", line 16, in <module>
    application = get_wsgi_application()
  File "/home/bhonwitx/virtualenv/MS-Hall/3.6/lib/python3.6/site-packages/django/core/wsgi.py", line 12, in get_wsgi_application
    django.setup(set_prefix=False)
  File "/home/bhonwitx/virtualenv/MS-Hall/3.6/lib/python3.6/site-packages/django/__init__.py", line 19, in setup
    configure_logging(settings.LOGGING_CONFIG, settings.LOGGING)
  File "/home/bhonwitx/virtualenv/MS-Hall/3.6/lib/python3.6/site-packages/django/conf/__init__.py", line 82, in __getattr__
    self._setup(name)
  File "/home/bhonwitx/virtualenv/MS-Hall/3.6/lib/python3.6/site-packages/django/conf/__init__.py", line 69, in _setup
    self._wrapped = Settings(settings_module)
  File "/home/bhonwitx/virtualenv/MS-Hall/3.6/lib/python3.6/site-packages/django/conf/__init__.py", line 170, in __init__
    mod = importlib.import_module(self.SETTINGS_MODULE)
  File "/home/bhonwitx/virtualenv/MS-Hall/3.6/lib64/python3.6/importlib/__init__.py", line 126, in import_module
    return _bootstrap._gcd_import(name[level:], package, level)
  File "/home/bhonwitx/MS-Hall/msh/settings.py", line 126, in <module>
    STATICFILES_DIRS = [BASE_DIR+"/assets",]
TypeError: unsupported operand type(s) for +: 'PosixPath' and 'str'
[UID:1178][242516] Child process with pid: 242616 was killed by signal: 15, core dump: 0
[UID:1178][242516] Child process with pid: 242617 was killed by signal: 15, core dump: 0
Traceback (most recent call last):
  File "/home/bhonwitx/MS-Hall/passenger_wsgi.py", line 14, in <module>
    from msh.wsgi import application
  File "/home/bhonwitx/MS-Hall/msh/wsgi.py", line 16, in <module>
    application = get_wsgi_application()
  File "/home/bhonwitx/virtualenv/MS-Hall/3.6/lib/python3.6/site-packages/django/core/wsgi.py", line 12, in get_wsgi_application
    django.setup(set_prefix=False)
  File "/home/bhonwitx/virtualenv/MS-Hall/3.6/lib/python3.6/site-packages/django/__init__.py", line 19, in setup
    configure_logging(settings.LOGGING_CONFIG, settings.LOGGING)
  File "/home/bhonwitx/virtualenv/MS-Hall/3.6/lib/python3.6/site-packages/django/conf/__init__.py", line 82, in __getattr__
    self._setup(name)
  File "/home/bhonwitx/virtualenv/MS-Hall/3.6/lib/python3.6/site-packages/django/conf/__init__.py", line 69, in _setup
    self._wrapped = Settings(settings_module)
  File "/home/bhonwitx/virtualenv/MS-Hall/3.6/lib/python3.6/site-packages/django/conf/__init__.py", line 170, in __init__
    mod = importlib.import_module(self.SETTINGS_MODULE)
  File "/home/bhonwitx/virtualenv/MS-Hall/3.6/lib64/python3.6/importlib/__init__.py", line 126, in import_module
    return _bootstrap._gcd_import(name[level:], package, level)
  File "/home/bhonwitx/MS-Hall/msh/settings.py", line 126, in <module>
    STATICFILES_DIRS = [BASE_DIR+"/assets",]
TypeError: unsupported operand type(s) for +: 'PosixPath' and 'str'
[UID:1178][318191] Child process with pid: 318571 was killed by signal: 15, core dump: 0
Traceback (most recent call last):
  File "/home/bhonwitx/MS-Hall/passenger_wsgi.py", line 14, in <module>
    from msh.wsgi import application
  File "/home/bhonwitx/MS-Hall/msh/wsgi.py", line 16, in <module>
    application = get_wsgi_application()
  File "/home/bhonwitx/virtualenv/MS-Hall/3.6/lib/python3.6/site-packages/django/core/wsgi.py", line 12, in get_wsgi_application
    django.setup(set_prefix=False)
  File "/home/bhonwitx/virtualenv/MS-Hall/3.6/lib/python3.6/site-packages/django/__init__.py", line 19, in setup
    configure_logging(settings.LOGGING_CONFIG, settings.LOGGING)
  File "/home/bhonwitx/virtualenv/MS-Hall/3.6/lib/python3.6/site-packages/django/conf/__init__.py", line 82, in __getattr__
    self._setup(name)
  File "/home/bhonwitx/virtualenv/MS-Hall/3.6/lib/python3.6/site-packages/django/conf/__init__.py", line 69, in _setup
    self._wrapped = Settings(settings_module)
  File "/home/bhonwitx/virtualenv/MS-Hall/3.6/lib/python3.6/site-packages/django/conf/__init__.py", line 170, in __init__
    mod = importlib.import_module(self.SETTINGS_MODULE)
  File "/home/bhonwitx/virtualenv/MS-Hall/3.6/lib64/python3.6/importlib/__init__.py", line 126, in import_module
    return _bootstrap._gcd_import(name[level:], package, level)
  File "/home/bhonwitx/MS-Hall/msh/settings.py", line 126, in <module>
    STATICFILES_DIRS = [BASE_DIR+"/assets",]
TypeError: unsupported operand type(s) for +: 'PosixPath' and 'str'
[UID:1178][434021] Child process with pid: 434074 was killed by signal: 15, core dump: 0
Traceback (most recent call last):
  File "/home/bhonwitx/MS-Hall/passenger_wsgi.py", line 14, in <module>
    from msh.wsgi import application
  File "/home/bhonwitx/MS-Hall/msh/wsgi.py", line 16, in <module>
    application = get_wsgi_application()
  File "/home/bhonwitx/virtualenv/MS-Hall/3.6/lib/python3.6/site-packages/django/core/wsgi.py", line 12, in get_wsgi_application
    django.setup(set_prefix=False)
  File "/home/bhonwitx/virtualenv/MS-Hall/3.6/lib/python3.6/site-packages/django/__init__.py", line 19, in setup
    configure_logging(settings.LOGGING_CONFIG, settings.LOGGING)
  File "/home/bhonwitx/virtualenv/MS-Hall/3.6/lib/python3.6/site-packages/django/conf/__init__.py", line 82, in __getattr__
    self._setup(name)
  File "/home/bhonwitx/virtualenv/MS-Hall/3.6/lib/python3.6/site-packages/django/conf/__init__.py", line 69, in _setup
    self._wrapped = Settings(settings_module)
  File "/home/bhonwitx/virtualenv/MS-Hall/3.6/lib/python3.6/site-packages/django/conf/__init__.py", line 170, in __init__
    mod = importlib.import_module(self.SETTINGS_MODULE)
  File "/home/bhonwitx/virtualenv/MS-Hall/3.6/lib64/python3.6/importlib/__init__.py", line 126, in import_module
    return _bootstrap._gcd_import(name[level:], package, level)
  File "/home/bhonwitx/MS-Hall/msh/settings.py", line 126, in <module>
    STATICFILES_DIRS = [BASE_DIR+"/assets",]
TypeError: unsupported operand type(s) for +: 'PosixPath' and 'str'
[UID:1178][530618] Child process with pid: 530636 was killed by signal: 15, core dump: 0
[UID:1178][530618] Child process with pid: 530643 was killed by signal: 15, core dump: 0
Traceback (most recent call last):
  File "/home/bhonwitx/MS-Hall/passenger_wsgi.py", line 14, in <module>
    from msh.wsgi import application
  File "/home/bhonwitx/MS-Hall/msh/wsgi.py", line 16, in <module>
    application = get_wsgi_application()
  File "/home/bhonwitx/virtualenv/MS-Hall/3.6/lib/python3.6/site-packages/django/core/wsgi.py", line 12, in get_wsgi_application
    django.setup(set_prefix=False)
  File "/home/bhonwitx/virtualenv/MS-Hall/3.6/lib/python3.6/site-packages/django/__init__.py", line 19, in setup
    configure_logging(settings.LOGGING_CONFIG, settings.LOGGING)
  File "/home/bhonwitx/virtualenv/MS-Hall/3.6/lib/python3.6/site-packages/django/conf/__init__.py", line 82, in __getattr__
    self._setup(name)
  File "/home/bhonwitx/virtualenv/MS-Hall/3.6/lib/python3.6/site-packages/django/conf/__init__.py", line 69, in _setup
    self._wrapped = Settings(settings_module)
  File "/home/bhonwitx/virtualenv/MS-Hall/3.6/lib/python3.6/site-packages/django/conf/__init__.py", line 170, in __init__
    mod = importlib.import_module(self.SETTINGS_MODULE)
  File "/home/bhonwitx/virtualenv/MS-Hall/3.6/lib64/python3.6/importlib/__init__.py", line 126, in import_module
    return _bootstrap._gcd_import(name[level:], package, level)
  File "/home/bhonwitx/MS-Hall/msh/settings.py", line 126, in <module>
    STATICFILES_DIRS = [BASE_DIR+"/assets",]
TypeError: unsupported operand type(s) for +: 'PosixPath' and 'str'
called
called
called
called
called
called
called
called
called
!
called
called
called
called
!
called
called
called
/home/bhonwitx/MS-Hall
/home/bhonwitx/MS-Hall
/home/bhonwitx/MS-Hall
/home/bhonwitx/MS-Hall
/home/bhonwitx/MS-Hall
called
/home/bhonwitx/MS-Hall
/home/bhonwitx/MS-Hall
/home/bhonwitx/MS-Hall
/home/bhonwitx/MS-Hall
/home/bhonwitx/MS-Hall
/home/bhonwitx/MS-Hall
/home/bhonwitx/MS-Hall
called
/home/bhonwitx/MS-Hall
called
called
!
!
called
called
called
called
!
called
called
called
None
no user
!
called
!
called
called
called
called
called
called
!
called
called
!
!
called
!
OSError: LSAPI: Socket read/write error
!
called
called
!
called
called
called
called
called
called
called
called
called
called
!
OSError: LSAPI: Socket read/write error
called
called
called
OSError: LSAPI: Socket read/write error
OSError: LSAPI: Socket read/write error
!
OSError: LSAPI: Socket read/write error
called
!
!
called
!
called
!
called
called
called
called
called
called
called
called
called
called
called
called
called
called
called
called
called
called
called
called
called
called
called
called
!
called
!
called
user created
called
19MI3FP11
user logged in
called
called
None
no user
called
19MI3FP11
user logged in
called
called
called
called
called
OSError: LSAPI: Socket read/write error
!
!
!
!
called
!
called
called
called
called
called
!
called
called
called
!
called
called
!
called
called
called
called
called
called
called
called
called
called
called
called
called
called
called
called
called
called
called
called
called
called
called
called
called
called
!
called
None
no user
called
None
no user
called
called
called
called
called
called
called
called
called
called
called
called
called
called
called
called
called
called
called
called
called
called
called
called
called
called
called
called
called
called
!
called
called
called
called
called
called
called
called
called
!
called
called
!
called
called
called
called
called
called
called
called
called
called
called
called
called
called
called
called
called
!
called
called
called
called
called
called
called
!
called
called
called
called
!
!
called
OSError: LSAPI: Socket read/write error
called
called
called
called
!
!
!
!
OSError: LSAPI: Socket read/write error
called
called
called
called
called
!
called
called
called
called
called
called
called
called
called
called
!
called
called
called
called
called
called
called
called
called
called
called
called
called
called
called
called
called
called
called
called
called
called
called
called
called
called
called
called
called
!
called
!
called
called
called
called
!
called
!
!
called
called
called
called
called
called
called
called
called
called
called
!
called
called
called
called
called
called
called
OSError: LSAPI: Socket read/write error
called
called
called
called
called
called
called
None
no user
called
called
called
called
!
called
called
called
called
called
called
called
!
!
called
called
!
called
called
called
OSError: LSAPI: Socket read/write error
called
None
no user
None
no user
called
None
no user
called
None
no user
None
no user
called
None
no user
called
called
called
called
called
called
called
called
called
called
called
called
called
called
called
called
called
called
called
!
OSError: LSAPI: Socket read/write error
!
called
!
called
called
!
called
called
called
called
called
called
!
called
called
[UID:1178][52961] Child process with pid: 55062 was killed by signal: 15, core dump: 0
called
called
called
called
called
called
called
!
!
OSError: LSAPI: Socket read/write error
called
called
!
!
called
called
called
called
called
called
called
!
called
called
called
called
called
called
called
called
called
called
called
called
called
called
called
!
called
called
called
called
called
called
called
OSError: LSAPI: Socket read/write error
called
!
!
called
called
called
called
called
called
called
!
called
called
called
[UID:1178][17967] Child process with pid: 19514 was killed by signal: 15, core dump: 0
called
called
OSError: LSAPI: Socket read/write error
called
OSError: LSAPI: Socket read/write error
OSError: LSAPI: Socket read/write error
called
called
called
called
OSError: LSAPI: Socket read/write error
called
called
called
!
called
[UID:1178][47552] Child process with pid: 47819 was killed by signal: 15, core dump: 0
called
called
!
!
called
called
called
called
called
OSError: LSAPI: Socket read/write error
called
called
called
!
!
OSError: LSAPI: Socket read/write error
called
called
called
called
called
called
called
called
called
called
called
called
called
called
called
called
called
called
OSError: LSAPI: Socket read/write error
called
called
called
OSError: LSAPI: Socket read/write error
called
OSError: LSAPI: Socket read/write error
called
called
called
!
OSError: LSAPI: Socket read/write error
called
called
called
called
called
called
called
OSError: LSAPI: Socket read/write error
!
!
OSError: LSAPI: Socket read/write error
called
called
!
called
OSError: LSAPI: Socket read/write error
OSError: LSAPI: Socket read/write error
!
called
OSError: LSAPI: Socket read/write error
OSError: LSAPI: Socket read/write error
OSError: LSAPI: Socket read/write error
OSError: LSAPI: Socket read/write error
called
called
called
called
called
[UID:1178][19901] Child process with pid: 37630 was killed by signal: 15, core dump: 0
called
called
called
!
called
called
called
called
called
None
no user
called
called
user created
called
called
user created
!
called
called
called
!
called
called
called
called
!
called
called
called
called
!
called
called
called
called
called
called
called
!
called
called
called
called
called
called
called
called
called
called
called
called
called
called
called
called
called
called
called
!
called
called
called
called
called
called
called
!
called
!
called
called
called
called
called
!
called
called
called
called
called
!
called
called
called
!
called
called
called
called
called
called
called
called
called
called
called
!
called
called
called
called
called
called
called
called
called
called
user created
OSError: LSAPI: Socket read/write error
called
called
!
called
called
!
called
called
called
called
called
called
called
called
called
!
called
!
!
called
called
called
!
called
called
called
!
called
called
!
called
called
called
called
!
!
called
called
called
called
called
called
!
called
called
called
called
called
called
called
called
called
called
called
called
called
called
called
called
!
called
called
called
!
called
called
called
called
user created
called
called
called
called
called
!
called
called
called
called
called
called
called
!
called
called
None
no user
called
called
called
called
called
called
called
called
called
called
called
called
called
!
called
called
called
called
called
called
called
!
called
called
called
called
called
called
called
called
called
called
called
called
called
called
called
!
called
called
called
called
called
called
!
called
user created
called
called
!
called
called
called
called
called
called
called
!
called
called
called
called
called
called
called
called
called
!
called
called
!
called
called
called
user created
!
called
!
called
called
called
called
called
called
called
called
called
called
called
called
user created
!
called
called
!
called
called
called
called
called
called
called
called
called
!
called
called
called
called
!
!
called
called
called
called
called
called
called
called
called
called
called
called
called
called
called
!
called
called
called
called
called
called
!
called
called
called
called
called
called
user created
!
called
!
called
called
called
called
called
called
called
called
!
called
called
called
called
called
called
called
called
called
called
called
called
!
called
called
called
called
!
called
called
called
called
called
called
called
called
called
called
called
called
called
called
called
called
called
!
called
called
called
!
called
called
called
!
called
called
!
called
called
called
!
called
called
called
!
called
called
called
called
!
called
called
!
!
called
!
called
!
called
called
called
called
called
!
called
called
called
!
called
!
called
called
called
called
!
called
called
called
called
called
!
called
called
!
called
called
called
called
called
called
called
!
called
called
!
called
called
called
called
called
called
called
!
OSError: LSAPI: Socket read/write error
OSError: LSAPI: Socket read/write error
called
called
called
called
called
called
called
called
!
called
!
!
called
!
!
called
user created
called
called
called
!
called
called
called
called
!
called
called
called
called
called
called
called
called
called
called
called
!
called
called
called
called
called
called
called
!
!
called
called
called
called
called
called
!
called
called
!
!
called
called
called
called
called
called
called
called
called
called
called
called
called
called
called
called
called
!
called
called
!
called
called
user created
called
called
called
called
called
called
called
called
called
user created
!
called
called
called
called
called
called
called
called
called
called
called
called
!
called
called
called
!
called
called
called
called
called
called
called
called
user created
!
!
18AG3EP13
user logged in
!
!
called
called
called
called
called
called
called
called
called
called
called
called
called
called
called
called
called
called
!
!
!
called
called
called
called
called
18AG3EP13
user logged in
called
!
called
called
called
!
called
!
called
called
called
called
called
!
called
called
called
!
!
called
called
called
!
!
called
called
called
called
called
!
called
!
called
called
called
called
called
called
called
called
called
called
called
called
called
called
called
called
called
called
called
called
called
called
called
called
called
called
called
!
called
called
called
called
!
called
called
called
called
called
called
called
!
called
called
called
called
called
called
called
called
called
called
called
called
called
!
!
called
called
called
called
called
called
called
!
called
called
None
no user
called
called
OSError: LSAPI: Socket read/write error
called
called
called
!
called
called
called
called
called
called
!
called
called
called
called
called
called
called
called
called
called
called
!
called
called
called
called
called
called
!
called
called
called
called
called
OSError: LSAPI: Socket read/write error
called
called
called
called
called
!
called
called
called
called
called
called
called
called
called
called
called
called
called
called
!
called
called
called
called
called
called
called
called
called
called
called
called
called
called
called
called
!
called
called
called
called
called
called
called
called
called
!
!
!
called
user created
called
called
called
called
called
called
called
called
!
called
called
called
!
called
called
called
called
called
called
called
called
called
called
called
called
called
called
called
!
!
!
called
called
!
called
called
called
called
called
called
called
called
!
called
!
called
called
called
called
called
called
called
called
called
!
called
!
called
called
called
called
called
!
called
called
!
called
called
called
called
called
called
called
!
called
called
called
called
called
called
called
user created
called
called
called
called
called
called
!
called
called
called
called
called
called
!
called
called
called
!
called
called
called
!
called
called
!
called
called
called
called
called
called
called
called
called
!
called
!
called
called
called
called
called
called
called
OSError: LSAPI: Socket read/write error
called
called
called
called
!
!
called
!
called
called
called
called
called
called
OSError: LSAPI: Socket read/write error
called
called
called
!
[UID:1178][24788] Child process with pid: 25916 was killed by signal: 15, core dump: 0
user created
called
!
!
called
called
called
called
called
!
called
called
called
called
called
!
!
called
called
called
called
called
called
called
!
called
called
called
called
called
!
called
called
called
called
called
called
called
called
called
called
!
called
called
called
OSError: LSAPI: Socket read/write error
called
called
called
called
called
called
called
called
called
called
called
called
!
called
called
called
called
called
called
called
called
called
called
called
called
called
called
called
called
called
called
called
called
called
called
!
called
called
called
called
called
called
called
called
called
called
called
!
called
called
called
called
called
called
called
called
called
called
!
!
called
!
called
called
called
called
called
called
OSError: LSAPI: Socket read/write error
!
called
!
called
called
!
called
called
called
called
called
called
called
called
called
called
called
called
called
called
called
called
called
!
called
called
!
called
called
called
!
!
called
called
called
!
called
called
called
called
called
called
!
called
called
called
called
called
called
!
!
!
called
!
called
called
!
!
!
called
called
!
called
called
called
called
called
!
!
!
called
called
called
!
!
called
!
called
!
!
called
called
called
called
None
no user
called
!
called
called
called
called
called
OSError: LSAPI: Socket read/write error
!
called
called
!
!
called
called
called
OSError: LSAPI: Socket read/write error
OSError: LSAPI: Socket read/write error
OSError: LSAPI: Socket read/write error
called
called
called
called
called
called
called
called
called
called
called
called
!
called
!
called
called
called
called
!
called
called
called
!
called
called
called
called
called
!
called
called
called
called
!
called
called
called
called
called
called
called
!
called
called
called
called
called
called
!
called
!
called
called
called
called
called
called
called
called
called
!
!
called
!
!
!
called
!
called
!
called
called
called
called
called
called
!
called
called
!
called
called
!
called
called
!
called
called
called
called
!
called
!
called
called
!
called
called
called
called
called
called
!
!
called
called
called
called
called
called
called
called
called
called
!
called
called
called
called
called
!
called
called
!
called
called
called
called
called
called
called
called
called
called
!
called
called
called
called
called
!
called
called
called
called
called
called
called
called
called
!
called
called
called
called
called
called
called
called
!
called
called
called
called
called
!
called
!
called
called
called
called
called
called
called
called
called
called
called
called
!
called
called
called
[UID:1178][47110] Child process with pid: 50505 was killed by signal: 15, core dump: 0
[UID:1178][47110] Child process with pid: 50504 was killed by signal: 15, core dump: 0
[UID:1178][47110] Child process with pid: 50506 was killed by signal: 15, core dump: 0
called
called
called
called
called
!
!
called
!
called
called
called
called
called
called
called
called
called
OSError: LSAPI: Socket read/write error
called
called
called
called
called
called
!
called
called
called
called
called
called
called
called
called
called
called
called
called
called
called
!
!
called
called
called
called
OSError: LSAPI: Socket read/write error
called
called
called
called
called
called
called
OSError: LSAPI: Socket read/write error
called
called
called
called
called
called
called
called
called
called
called
!
called
called
called
called
called
!
called
None
no user
called
!
called
called
called
called
!
!
called
called
called
called
called
called
called
called
called
called
called
called
called
called
called
called
called
called
called
called
!
called
called
called
called
None
no user
called
called
called
called
called
!
called
called
called
called
called
called
!
!
called
called
called
called
called
!
called
called
!
called
called
!
called
called
called
called
called
called
called
called
called
!
called
called
called
called
!
called
called
called
called
called
!
called
called
called
called
called
called
called
called
user created
called
called
called
called
called
called
called
called
called
called
called
called
called
called
called
called
called
called
called
called
called
called
called
called
called
called
called
called
called
called
called
called
called
called
called
called
called
called
called
called
called
!
called
called
called
called
called
called
!
called
called
called
called
called
called
called
called
called
!
called
called
called
called
called
called
called
called
called
called
called
called
called
called
called
called
called
called
!
!
called
called
!
called
called
!
called
!
called
called
called
called
called
!
called
called
called
called
called
called
called
called
called
called
called
called
called
called
called
called
called
called
called
called
called
called
called
called
called
!
called
called
called
called
!
called
!
called
called
called
called
called
called
called
called
called
called
called
called
called
!
called
!
!
called
called
called
called
called
called
!
called
called
called
called
called
called
called
called
called
called
called
called
!
called
!
called
called
called
called
called
called
called
called
called
called
called
called
!
called
called
called
called
called
!
called
called
!
called
called
called
called
called
[UID:1178][56674] Child process with pid: 449 was killed by signal: 15, core dump: 0
called
called
called
called
called
called
called
!
!
called
called
called
!
called
!
called
called
!
called
called
called
called
called
called
called
called
called
!
!
!
called
called
called
called
called
called
called
!
called
called
called
called
!
called
!
called
!
called
!
called
called
called
called
called
called
called
!
called
called
called
!
!
!
called
!
called
called
called
called
called
called
called
called
called
called
called
called
called
called
called
called
called
called
called
!
called
called
called
called
called
called
called
called
called
called
called
called
called
called
called
called
called
called
called
called
called
called
called
called
!
called
called
called
called
!
called
called
called
called
called
called
called
called
called
called
called
called
called
!
called
called
called
!
OSError: LSAPI: Socket read/write error
called
called
called
called
called
called
called
called
called
called
called
called
user created
called
called
called
called
called
called
called
called
!
called
called
called
called
called
called
called
called
called
called
called
called
called
called
called
called
called
called
called
!
called
!
called
called
called
!
[UID:1178][1980659] Child process with pid: 1980746 was killed by signal: 15, core dump: 0
[UID:1178][1980669] Child process with pid: 1980750 was killed by signal: 15, core dump: 0
called
called
called
called
called
!
called
called
called
called
!
called
called
called
called
called
called
called
!
called
called
called
called
called
called
called
called
!
called
called
called
called
called
called
called
called
called
!
called
called
called
called
None
no user
None
no user
called
called
!
called
called
called
called
called
called
called
called
!
called
called
!
called
called
!
called
called
called
called
called
called
called
called
called
called
called
called
called
called
called
called
called
called
called
called
called
called
called
called
called
called
called
called
called
!
called
!
called
called
called
called
called
called
called
called
called
called
called
called
called
called
called
!
None
no user
called
called
called
19MI3FP11
user logged in
called
called
called
!
called
called
!
called
called
called
called
called
called
called
called
called
called
called
called
called
called
called
called
called
called
called
called
called
called
called
called
called
!
!
called
!
called
!
!
called
called
called
!
!
called
called
called
!
!
called
called
called
!
called
called
called
called
called
!
called
called
called
called
!
!
!
called
called
called
called
called
called
called
!
called
called
!
!
called
called
!
called
!
called
!
!
called
called
!
!
!
called
!
called
called
called
OSError: LSAPI: Socket read/write error
called
called
OSError: LSAPI: Socket read/write error
OSError: LSAPI: Socket read/write error
called
called
called
called
!
called
called
!
called
called
called
called
called
!
!
!
called
called
!
called
!
!
called
!
called
called
called
called
!
called
user created
called
None
no user
called
called
!
called
called
called
!
called
called
!
!
called
!
called
called
called
called
!
called
called
called
called
!
!
called
!
!
called
called
!
called
!
!
called
called
!
!
called
called
called
called
called
called
called
!
OSError: LSAPI: Socket read/write error
OSError: LSAPI: Socket read/write error
OSError: LSAPI: Socket read/write error
OSError: LSAPI: Socket read/write error
called
called
called
called
!
!
called
called
!
!
called
called
called
called
!
called
called
called
called
called
called
called
called
called
called
!
called
!
called
called
called
called
!
!
called
called
called
called
called
called
!
called
!
!
called
called
called
called
!
!
called
called
!
called
called
called
called
called
called
called
!
called
!
called
called
called
called
called
called
called
!
called
called
called
called
!
called
called
called
!
called
!
!
called
called
called
!
!
called
!
called
None
no user
called
!
None
no user
None
no user
called
!
called
!
[UID:1178][2407203] Child process with pid: 2407245 was killed by signal: 15, core dump: 0
!
called
called
!
called
!
!
!
called
called
!
!
called
called
called
!
called
!
called
called
called
called
called
called
called
called
!
called
called
called
called
called
!
!
called
!
called
called
called
!
called
called
called
!
called
called
called
called
called
called
[UID:1178][3776162] Child process with pid: 3776281 was killed by signal: 15, core dump: 0
Not Found: /img/loader.gif
Not Found: /gallery/img/logo.png
Not Found: /static/hmc/images/rahul.jpg
Not Found: /static/hmc/images/rugved.jpeg
Not Found: /static/hmc/images/shree.jpeg
Not Found: /static/hmc/images/snehith.jpg
Not Found: /static/hmc/images/shree.jpeg
Not Found: /static/hmc/images/rahul.jpg
Not Found: /static/hmc/images/rugved.jpeg
Not Found: /static/hmc/images/snehith.jpg
Not Found: /static/hmc/images/rahul.jpg
Not Found: /static/hmc/images/rugved.jpeg
Not Found: /static/hmc/images/shree.jpeg
Not Found: /static/hmc/images/snehith.jpg
called
Not Found: /static/hmc/images/rahul.jpg
Not Found: /static/hmc/images/shree.jpeg
Not Found: /static/hmc/images/rugved.jpeg
Not Found: /static/hmc/images/snehith.jpg
Not Found: /img/loader.gif
Not Found: /static/gallery/fonts/Etiquette/
Not Found: /gallery/%7B%%20static%20'https://ajax.googleapis.com/ajax/libs/jquery/1.11.2/jquery.min.js
Not Found: /gallery/%7B%%20static%20'js/vendor/bootstrap.min.js
Not Found: /gallery/%7B%%20static%20'js/plugins.js
Not Found: /gallery/%7B%%20static%20'js/main.js
Not Found: /static/gallery/apple-touch-icon.png
called
!
Not Found: /static/hmc/images/rahul.jpg
Not Found: /static/hmc/images/shree.jpeg
Not Found: /static/hmc/images/rugved.jpeg
Not Found: /static/hmc/images/snehith.jpg
Not Found: /static/hmc/images/rahul.jpg
Not Found: /static/hmc/images/rugved.jpeg
Not Found: /static/hmc/images/snehith.jpg
Not Found: /static/hmc/images/shree.jpeg
Not Found: /static/hmc/images/rugved.jpeg
Not Found: /static/hmc/images/rahul.jpg
Not Found: /static/hmc/images/shree.jpeg
Not Found: /static/hmc/images/snehith.jpg
Not Found: /img/loader.gif
Not Found: /gallery/img/logo.png
Not Found: /static/hmc/images/rugved.jpeg
Not Found: /static/hmc/images/rahul.jpg
Not Found: /static/hmc/images/shree.jpeg
Not Found: /static/hmc/images/snehith.jpg
Not Found: /img/loader.gif
Forbidden (CSRF cookie not set.): /login/
Not Found: /img/loader.gif
Not Found: /gallery/img/logo.png
Forbidden (CSRF cookie not set.): /login/
Not Found: /noticehn/imrdlib.js
Not Found: /library/authentication/json2.js
Not Found: /library/authentication/jquery-1.11.2.min.js
Not Found: /library/authentication/JavaScriptPrincipal.js
Not Found: /library/member_data_functions.js
Not Found: /library/authentication/jquery-cookie.js
Not Found: /library/wtomenus/common_logic_e.js
Not Found: /static/notice/library/wtomenus/loader_wide_2011.js
Not Found: /media/notices/OpenSoft.jpg
Not Found: /noticehn/imrdlib.js
Not Found: /static/notice/library/wtomenus/loader_wide_2011.js
Not Found: /library/authentication/jquery-1.11.2.min.js
Not Found: /library/authentication/json2.js
Not Found: /library/authentication/JavaScriptPrincipal.js
Not Found: /library/authentication/jquery-cookie.js
Not Found: /library/member_data_functions.js
Not Found: /library/wtomenus/common_logic_e.js
Not Found: /noticehn/imrdlib.js
Not Found: /static/notice/library/wtomenus/loader_wide_2011.js
Not Found: /library/wtomenus/common_logic_e.js
Not Found: /library/authentication/json2.js
Not Found: /library/authentication/jquery-1.11.2.min.js
Not Found: /library/authentication/JavaScriptPrincipal.js
Not Found: /library/authentication/jquery-cookie.js
Not Found: /library/member_data_functions.js
called
called
called
called
Not Found: /gallery/img/logo.png
Not Found: /gallery/img/logo.png
Not Found: /robots.txt
Not Found: /robots.txt
Not Found: /img/loader.gif
Not Found: /img/loader.gif
Not Found: /gallery/img/logo.png
called
called
Not Found: /robots.txt
Not Found: /robots.txt
Not Found: /wp-login.php
Not Found: /wordpress/wp-login.php
Not Found: /blog/wp-login.php
Not Found: /wp/wp-login.php
Not Found: /gallery/img/logo.png
Not Found: /top
Forbidden (CSRF cookie not set.): /
called
called
Not Found: /robots.txt
Not Found: /static/gallery/fonts/Etiquette/
Not Found: /static/gallery/fonts/etiquette/etiquette-webfont.woff2
Not Found: /static/gallery/fonts/etiquette/etiquette-webfont.woff
!
OSError: LSAPI: Socket read/write error
Not Found: /img/loader.gif
Not Found: /gallery/img/logo.png
Not Found: /static/gallery/fonts/Etiquette/
Not Found: /gallery/%7B%%20static%20'https://ajax.googleapis.com/ajax/libs/jquery/1.11.2/jquery.min.js
Not Found: /gallery/%7B%%20static%20'js/vendor/bootstrap.min.js
Not Found: /gallery/%7B%%20static%20'js/plugins.js
Not Found: /gallery/%7B%%20static%20'js/main.js
called
!
Not Found: /img/loader.gif
Not Found: /gallery/img/logo.png
called
Not Found: /robots.txt
Not Found: /static/hmc/images/rahul.jpg
Not Found: /static/hmc/images/rugved.jpeg
Not Found: /static/hmc/images/shree.jpeg
Not Found: /static/hmc/images/snehith.jpg
Not Found: /hcm/virinchisavanapelli@gmail.com
Not Found: /favicon.ico
Not Found: /img/loader.gif
Not Found: /gallery/img/logo.png
Not Found: /static/hmc/images/rahul.jpg
Not Found: /static/hmc/images/rugved.jpeg
Not Found: /static/hmc/images/shree.jpeg
Not Found: /static/hmc/images/snehith.jpg
Not Found: /static/hmc/images/rahul.jpg
Not Found: /favicon.ico
Not Found: /static/hmc/images/rahul.jpg
Not Found: /static/hmc/images/rugved.jpeg
Not Found: /static/hmc/images/shree.jpeg
Not Found: /static/hmc/images/snehith.jpg
Not Found: /static/hmc/images/rahul.jpg
Not Found: /static/hmc/images/rugved.jpeg
Not Found: /static/hmc/images/shree.jpeg
Not Found: /static/hmc/images/snehith.jpg
Not Found: /img/loader.gif
Not Found: /img/loader.gif
Not Found: /static/hmc/images/rahul.jpg
Not Found: /static/hmc/images/rugved.jpeg
Not Found: /static/hmc/images/shree.jpeg
Not Found: /static/hmc/images/snehith.jpg
Not Found: /static/hmc/images/rahul.jpg
Not Found: /static/hmc/images/rugved.jpeg
Not Found: /static/hmc/images/shree.jpeg
Not Found: /static/hmc/images/snehith.jpg
Not Found: /static/hmc/images/rahul.jpg
Not Found: /static/hmc/images/rahul.jpg
Not Found: /static/hmc/images/rahul.jpg
Not Found: /static/hmc/images/rugved.jpeg
Not Found: /static/hmc/images/shree.jpeg
Not Found: /static/hmc/images/snehith.jpg
Not Found: /static/hmc/images/rahul.jpg
Not Found: /static/hmc/images/rugved.jpeg
Not Found: /static/hmc/images/shree.jpeg
Not Found: /static/hmc/images/snehith.jpg
called
called
called
Not Found: /static/hmc/images/rahul.jpg
Not Found: /static/hmc/images/rugved.jpeg
Not Found: /static/hmc/images/shree.jpeg
Not Found: /static/hmc/images/snehith.jpg
Not Found: /static/hmc/images/rahul.jpg
Not Found: /static/hmc/images/rugved.jpeg
Not Found: /static/hmc/images/snehith.jpg
Not Found: /static/hmc/images/shree.jpeg
Not Found: /img/loader.gif
Not Found: /gallery/img/logo.png
Not Found: /static/hmc/images/rahul.jpg
Not Found: /static/hmc/images/rugved.jpeg
Not Found: /static/hmc/images/shree.jpeg
Not Found: /static/hmc/images/snehith.jpg
called
called
Not Found: /static/hmc/images/rahul.jpg
Not Found: /static/hmc/images/rugved.jpeg
Not Found: /static/hmc/images/shree.jpeg
Not Found: /static/hmc/images/snehith.jpg
Not Found: /static/hmc/images/rahul.jpg
Not Found: /static/hmc/images/rugved.jpeg
Not Found: /static/hmc/images/shree.jpeg
Not Found: /static/hmc/images/snehith.jpg
Not Found: /static/hmc/images/rahul.jpg
Not Found: /static/hmc/images/rugved.jpeg
Not Found: /static/hmc/images/shree.jpeg
Not Found: /static/hmc/images/snehith.jpg
Not Found: /favicon.ico
Not Found: /img/loader.gif
Not Found: /gallery/img/logo.png
Not Found: /static/hmc/images/rahul.jpg
Not Found: /static/hmc/images/shree.jpeg
Not Found: /static/hmc/images/rugved.jpeg
Not Found: /static/hmc/images/snehith.jpg
Not Found: /img/loader.gif
Not Found: /static/hmc/images/rahul.jpg
Not Found: /static/hmc/images/rugved.jpeg
Not Found: /static/hmc/images/rahul.jpg
Not Found: /static/hmc/images/shree.jpeg
Not Found: /static/hmc/images/snehith.jpg
Not Found: /gallery/img/logo.png
called
called
Not Found: /robots.txt
Not Found: /img/loader.gif
Not Found: /gallery/img/logo.png
Not Found: /static/hmc/images/rahul.jpg
Not Found: /static/hmc/images/rugved.jpeg
Not Found: /static/hmc/images/shree.jpeg
Not Found: /static/hmc/images/snehith.jpg
Not Found: /static/hmc/images/rahul.jpg
Not Found: /static/hmc/images/rugved.jpeg
Not Found: /static/hmc/images/shree.jpeg
Not Found: /static/hmc/images/rahul.jpg
Not Found: /static/hmc/images/rahul.jpg
Not Found: /static/hmc/images/rugved.jpeg
Not Found: /static/hmc/images/shree.jpeg
Not Found: /static/hmc/images/snehith.jpg
Not Found: /static/hmc/images/rahul.jpg
Not Found: /static/hmc/images/rugved.jpeg
Not Found: /static/hmc/images/shree.jpeg
Not Found: /static/hmc/images/snehith.jpg
called
Not Found: /static/hmc/images/rahul.jpg
Not Found: /static/hmc/images/rugved.jpeg
Not Found: /static/hmc/images/shree.jpeg
Not Found: /static/hmc/images/snehith.jpg
Not Found: /static/hmc/images/rahul.jpg
Not Found: /static/hmc/images/rugved.jpeg
Not Found: /static/hmc/images/shree.jpeg
Not Found: /static/hmc/images/snehith.jpg
Not Found: /noticegc/imrdlib.js
Not Found: /static/notice/library/wtomenus/loader_wide_2011.js
Not Found: /robots.txt
Not Found: /img/loader.gif
Not Found: /gallery/img/logo.png
Not Found: /static/hmc/images/rahul.jpg
Not Found: /static/hmc/images/rugved.jpeg
Not Found: /static/hmc/images/shree.jpeg
Not Found: /static/hmc/images/snehith.jpg
called
Not Found: /robots.txt
Not Found: /img/loader.gif
called
Not Found: /img/loader.gif
called
Not Found: /img/loader.gif
Not Found: /gallery/img/logo.png
Not Found: /img/loader.gif
called
called
Not Found: /robots.txt
Not Found: /favicon.ico
Not Found: /gallery/img/logo.png
Not Found: /img/loader.gif
called
Not Found: /cart.json
Not Found: /gallery/img/logo.png
Not Found: /img/loader.gif
Not Found: /gallery/img/logo.png
Not Found: /static/hmc/images/rahul.jpg
Not Found: /static/hmc/images/rugved.jpeg
Not Found: /static/hmc/images/shree.jpeg
Not Found: /static/hmc/images/snehith.jpg
called
Not Found: /robots.txt
Not Found: /img/loader.gif
called
Not Found: /img/loader.gif
Not Found: /img/loader.gif
Not Found: /gallery/img/logo.png
Not Found: /static/hmc/images/rahul.jpg
Not Found: /static/hmc/images/rugved.jpeg
Not Found: /static/hmc/images/snehith.jpg
Not Found: /static/hmc/images/shree.jpeg
called
called
called
Not Found: /static/hmc/images/rahul.jpg
Not Found: /static/hmc/images/rugved.jpeg
Not Found: /static/hmc/images/shree.jpeg
Not Found: /static/hmc/images/snehith.jpg
Not Found: /static/hmc/images/rahul.jpg
Not Found: /static/hmc/images/rugved.jpeg
Not Found: /static/hmc/images/shree.jpeg
Not Found: /static/hmc/images/snehith.jpg
Not Found: /robots.txt
Not Found: /img/loader.gif
Not Found: /gallery/img/logo.png
called
Not Found: /img/loader.gif
Not Found: /static/hmc/images/rugved.jpeg
Not Found: /static/hmc/images/rahul.jpg
Not Found: /static/hmc/images/shree.jpeg
Not Found: /static/hmc/images/snehith.jpg
Not Found: /img/loader.gif
Not Found: /static/hmc/images/rahul.jpg
Not Found: /static/hmc/images/rugved.jpeg
Not Found: /static/hmc/images/shree.jpeg
Not Found: /static/hmc/images/snehith.jpg
called
called
Not Found: /img/loader.gif
Not Found: /gallery/img/logo.png
called
called
Not Found: /img/loader.gif
Not Found: /gallery/img/logo.png
called
Not Found: /img/loader.gif
Not Found: /gallery/img/logo.png
called
called
Not Found: /robots.txt
Not Found: /favicon.ico
Not Found: /img/loader.gif
Not Found: /gallery/img/logo.png
called
called
Not Found: /img/loader.gif
called
Not Found: /static/gallery/fonts/Etiquette/
Not Found: /gallery/%7B%%20static%20'https://ajax.googleapis.com/ajax/libs/jquery/1.11.2/jquery.min.js
Not Found: /gallery/%7B%%20static%20'js/vendor/bootstrap.min.js
Not Found: /gallery/%7B%%20static%20'js/plugins.js
Not Found: /gallery/%7B%%20static%20'js/main.js
!
Not Found: /robots.txt
Not Found: /robots.txt
Not Found: /static/hmc/images/rugved.jpeg
Not Found: /static/hmc/images/rahul.jpg
Not Found: /static/hmc/images/snehith.jpg
Not Found: /static/hmc/images/shree.jpeg
Not Found: /img/loader.gif
Not Found: /gallery/img/logo.png
Not Found: /img/loader.gif
called
called
Not Found: /img/loader.gif
called
Not Found: /gallery/img/logo.png
Not Found: /favicon.ico
Not Found: /robots.txt
Not Found: /robots.txt
Not Found: /robots.txt
Not Found: /img/loader.gif
called
Not Found: /robots.txt
Not Found: /robots.txt
Not Found: /noticegc/imrdlib.js
Not Found: /static/notice/library/wtomenus/loader_wide_2011.js
Not Found: /library/authentication/json2.js
Not Found: /library/authentication/jquery-cookie.js
Not Found: /library/authentication/JavaScriptPrincipal.js
Not Found: /library/authentication/jquery-1.11.2.min.js
Not Found: /library/wtomenus/common_logic_e.js
Not Found: /library/member_data_functions.js
called
Not Found: /img/loader.gif
Not Found: /img/loader.gif
Not Found: /img/loader.gif
Not Found: /gallery/img/logo.png
called
called
called
Not Found: /gallery/img/logo.png
Not Found: /static/hmc/images/rugved.jpeg
Not Found: /static/hmc/images/rahul.jpg
Not Found: /static/hmc/images/shree.jpeg
Not Found: /static/hmc/images/snehith.jpg
Not Found: /img/loader.gif
Not Found: /gallery/img/logo.png
Not Found: /static/gallery/fonts/Etiquette/
Not Found: /static/gallery/apple-touch-icon.png
Not Found: /static/gallery/fonts/Etiquette/
called
!
!
Not Found: /img/loader.gif
Not Found: /gallery/img/logo.png
called
Not Found: /img/loader.gif
Not Found: /top
called
!
!
Not Found: /img/loader.gif
Not Found: /gallery/img/logo.png
called
Not Found: /static/hmc/images/rahul.jpg
Not Found: /static/hmc/images/rugved.jpeg
Not Found: /static/hmc/images/shree.jpeg
Not Found: /static/hmc/images/snehith.jpg
Not Found: /static/hmc/images/rugved.jpeg
Not Found: /static/hmc/images/rahul.jpg
Not Found: /static/hmc/images/shree.jpeg
Not Found: /static/hmc/images/snehith.jpg
Not Found: /static/hmc/images/rugved.jpeg
Not Found: /static/hmc/images/rahul.jpg
Not Found: /static/hmc/images/snehith.jpg
Not Found: /static/hmc/images/shree.jpeg
Not Found: /img/loader.gif
Not Found: /gallery/img/logo.png
Not Found: /static/gallery/fonts/Etiquette/
Not Found: /gallery/%7B%%20static%20'https://ajax.googleapis.com/ajax/libs/jquery/1.11.2/jquery.min.js
Not Found: /gallery/%7B%%20static%20'js/vendor/bootstrap.min.js
Not Found: /gallery/%7B%%20static%20'js/plugins.js
Not Found: /gallery/%7B%%20static%20'js/main.js
Not Found: /img/loader.gif
Not Found: /static/hmc/images/rahul.jpg
Not Found: /static/hmc/images/rugved.jpeg
Not Found: /static/hmc/images/shree.jpeg
Not Found: /static/hmc/images/snehith.jpg
Not Found: /img/loader.gif
called
!
called
called
Not Found: /static/hmc/images/rugved.jpeg
Not Found: /img/loader.gif
Not Found: /gallery/img/logo.png
called
Not Found: /robots.txt
Not Found: /static/hmc/images/shree.jpeg
Not Found: /robots.txt
Not Found: /img/loader.gif
Not Found: /gallery/img/logo.png
called
Not Found: /gallery/img/logo.png
Not Found: /favicon.ico
Not Found: /static/hmc/images/rahul.jpg
Not Found: /static/hmc/images/rugved.jpeg
Not Found: /static/hmc/images/shree.jpeg
Not Found: /static/hmc/images/snehith.jpg
Not Found: /wp-login.php
Not Found: /wordpress/wp-login.php
Not Found: /blog/wp-login.php
Not Found: /wp/wp-login.php
Not Found: /img/loader.gif
Not Found: /gallery/img/logo.png
Not Found: /static/gallery/fonts/Etiquette/
Not Found: /gallery/%7B%%20static%20'https://ajax.googleapis.com/ajax/libs/jquery/1.11.2/jquery.min.js
Not Found: /gallery/%7B%%20static%20'js/vendor/bootstrap.min.js
Not Found: /gallery/%7B%%20static%20'js/plugins.js
Not Found: /gallery/%7B%%20static%20'js/main.js
called
!
called
Not Found: /img/loader.gif
called
Not Found: /gallery/img/logo.png
Not Found: /favicon.ico
Not Found: /gallery/img/logo.png
Not Found: /img/loader.gif
called
Not Found: /ads.txt
Not Found: /img/loader.gif
Not Found: /gallery/img/logo.png
called
Not Found: /favicon.ico
Not Found: /robots.txt
Not Found: /img/loader.gif
Not Found: /img/loader.gif
called
called
Not Found: /robots.txt
Not Found: /img/loader.gif
called
called
called
called
Not Found: /gallery/img/logo.png
Not Found: /img/loader.gif
called
Not Found: /robots.txt
Not Found: /robots.txt
Not Found: /static/hmc/images/rahul.jpg
Not Found: /gallery/img/logo.png
Not Found: /img/loader.gif
called
Not Found: /static/hmc/images/rahul.jpg
Not Found: /static/hmc/images/rugved.jpeg
Not Found: /static/hmc/images/shree.jpeg
Not Found: /static/hmc/images/snehith.jpg
Not Found: /static/hmc/images/snehith.jpg
Not Found: /robots.txt
called
Not Found: /favicon.ico
Not Found: /gallery/img/logo.png
Not Found: /gallery/img/logo.png
Not Found: /favicon.ico
called
called
Not Found: /style.php
called
Not Found: /robots.txt
Not Found: /static/gallery/apple-touch-icon.png
called
Not Found: /top
Not Found: /img/loader.gif
called
called
called
Not Found: /noticegc/imrdlib.js
Not Found: /robots.txt
Not Found: /static/notice/library/wtomenus/loader_wide_2011.js
Not Found: /img/loader.gif
Not Found: /img/loader.gif
called
called
Not Found: /img/loader.gif
Not Found: /gallery/img/logo.png
called
Not Found: /static/fonts/open-iconic/open-iconic.woff
Not Found: /static/fonts/open-iconic/open-iconic.ttf
Not Found: /static/fonts/open-iconic/open-iconic.otf
Not Found: /static/hmc/images/rahul.jpg
Not Found: /static/hmc/images/rugved.jpeg
Not Found: /static/hmc/images/shree.jpeg
Not Found: /static/hmc/images/snehith.jpg
Not Found: /static/hmc/images/rahul.jpg
Not Found: /static/hmc/images/rugved.jpeg
Not Found: /static/hmc/images/snehith.jpg
Not Found: /static/hmc/images/shree.jpeg
called
Not Found: /wp-commentin.php
Not Found: /robots.txt
Not Found: /img/loader.gif
Not Found: /gallery/img/logo.png
Not Found: /static/fonts/open-iconic/open-iconic.woff
Not Found: /static/fonts/open-iconic/open-iconic.ttf
Not Found: /static/fonts/open-iconic/open-iconic.otf
called
called
Not Found: /img/loader.gif
Not Found: /gallery/img/logo.png
Not Found: /img/loader.gif
Not Found: /gallery/img/logo.png
Not Found: /img/loader.gif
Not Found: /gallery/img/logo.png
Not Found: /img/loader.gif
Not Found: /static/gallery/fonts/Etiquette/
Not Found: /gallery/%7B%%20static%20'https://ajax.googleapis.com/ajax/libs/jquery/1.11.2/jquery.min.js
Not Found: /gallery/%7B%%20static%20'js/vendor/bootstrap.min.js
Not Found: /gallery/%7B%%20static%20'js/plugins.js
Not Found: /gallery/%7B%%20static%20'js/main.js
Not Found: /static/gallery/apple-touch-icon.png
called
called
called
called
!
Not Found: /img/loader.gif
Not Found: /gallery/img/logo.png
Not Found: /static/hmc/images/rahul.jpg
Not Found: /static/hmc/images/rugved.jpeg
Not Found: /static/hmc/images/shree.jpeg
called
Not Found: /img/loader.gif
Not Found: /gallery/img/logo.png
called
Not Found: /img/loader.gif
Not Found: /gallery/img/logo.png
Not Found: /img/loader.gif
Not Found: /img/loader.gif
Not Found: /gallery/img/logo.png
called
called
called
called
Not Found: /img/loader.gif
Not Found: /gallery/img/logo.png
called
Not Found: /img/loader.gif
Not Found: /gallery/img/logo.png
Not Found: /img/loader.gif
Not Found: /img/loader.gif
Not Found: /gallery/img/logo.png
Not Found: /img/loader.gif
Not Found: /img/loader.gif
Not Found: /gallery/img/logo.png
Not Found: /img/loader.gif
Not Found: /static/gallery/fonts/Etiquette/
Not Found: /gallery/%7B%%20static%20'https://ajax.googleapis.com/ajax/libs/jquery/1.11.2/jquery.min.js
Not Found: /gallery/%7B%%20static%20'js/vendor/bootstrap.min.js
Not Found: /gallery/%7B%%20static%20'js/plugins.js
Not Found: /gallery/%7B%%20static%20'js/main.js
Not Found: /static/gallery/apple-touch-icon.png
Not Found: /img/loader.gif
called
called
called
called
called
called
!
called
Not Found: /img/loader.gif
Not Found: /gallery/img/logo.png
Not Found: /img/loader.gif
Not Found: /static/gallery/fonts/Etiquette/
Not Found: /gallery/%7B%%20static%20'https://ajax.googleapis.com/ajax/libs/jquery/1.11.2/jquery.min.js
Not Found: /gallery/%7B%%20static%20'js/vendor/bootstrap.min.js
Not Found: /gallery/%7B%%20static%20'js/plugins.js
Not Found: /gallery/%7B%%20static%20'js/main.js
Not Found: /img/loader.gif
called
called
!
called
Not Found: /img/loader.gif
Not Found: /img/loader.gif
Not Found: /gallery/img/logo.png
Not Found: /img/loader.gif
Not Found: /gallery/img/logo.png
Not Found: /static/gallery/fonts/Etiquette/
Not Found: /gallery/%7B%%20static%20'https://ajax.googleapis.com/ajax/libs/jquery/1.11.2/jquery.min.js
Not Found: /gallery/%7B%%20static%20'js/vendor/bootstrap.min.js
Not Found: /gallery/%7B%%20static%20'js/plugins.js
Not Found: /gallery/%7B%%20static%20'js/main.js
Not Found: /static/gallery/apple-touch-icon.png
Not Found: /img/loader.gif
Not Found: /gallery/img/logo.png
Not Found: /static/hmc/images/rugved.jpeg
Not Found: /static/hmc/images/rahul.jpg
Not Found: /static/hmc/images/shree.jpeg
Not Found: /static/hmc/images/snehith.jpg
Not Found: /img/loader.gif
Not Found: /gallery/img/logo.png
Not Found: /img/loader.gif
Not Found: /top
Not Found: /favicon.ico
Not Found: /top
Not Found: /top
Not Found: /robots.txt
Not Found: /img/loader.gif
Not Found: /img/loader.gif
Not Found: /static/gallery/fonts/Etiquette/
Not Found: /gallery/%7B%%20static%20'https://ajax.googleapis.com/ajax/libs/jquery/1.11.2/jquery.min.js
Not Found: /gallery/%7B%%20static%20'js/vendor/bootstrap.min.js
Not Found: /gallery/%7B%%20static%20'js/plugins.js
Not Found: /gallery/%7B%%20static%20'js/main.js
Not Found: /static/gallery/fonts/Etiquette/
Not Found: /gallery/%7B%%20static%20'https://ajax.googleapis.com/ajax/libs/jquery/1.11.2/jquery.min.js
Not Found: /gallery/%7B%%20static%20'js/vendor/bootstrap.min.js
Not Found: /gallery/%7B%%20static%20'js/plugins.js
Not Found: /gallery/%7B%%20static%20'js/main.js
Not Found: /img/loader.gif
called
called
called
called
!
called
!
called
called
called
called
!
called
Not Found: /img/loader.gif
Not Found: /gallery/img/logo.png
Not Found: /img/loader.gif
called
called
Not Found: /img/loader.gif
called
Not Found: /img/loader.gif
Not Found: /gallery/img/logo.png
called
Not Found: /img/loader.gif
Not Found: /gallery/img/logo.png
called
Not Found: /img/loader.gif
Not Found: /gallery/img/logo.png
called
Not Found: /robots.txt
Not Found: /img/loader.gif
Not Found: /img/loader.gif
Not Found: /gallery/img/logo.png
Not Found: /img/loader.gif
Not Found: /gallery/img/logo.png
called
called
Not Found: /img/loader.gif
Not Found: /gallery/img/logo.png
called
Not Found: /gallery/img/logo.png
Not Found: /img/loader.gif
called
Not Found: /wp-includes/wlwmanifest.xml
Not Found: /xmlrpc.php
Not Found: /blog/wp-includes/wlwmanifest.xml
Not Found: /web/wp-includes/wlwmanifest.xml
Not Found: /wordpress/wp-includes/wlwmanifest.xml
Not Found: /website/wp-includes/wlwmanifest.xml
Not Found: /wp/wp-includes/wlwmanifest.xml
Not Found: /news/wp-includes/wlwmanifest.xml
Not Found: /2020/wp-includes/wlwmanifest.xml
Not Found: /2019/wp-includes/wlwmanifest.xml
Not Found: /shop/wp-includes/wlwmanifest.xml
Not Found: /wp1/wp-includes/wlwmanifest.xml
Not Found: /test/wp-includes/wlwmanifest.xml
Not Found: /wp2/wp-includes/wlwmanifest.xml
Not Found: /site/wp-includes/wlwmanifest.xml
Not Found: /cms/wp-includes/wlwmanifest.xml
Not Found: /sito/wp-includes/wlwmanifest.xml
Not Found: /img/loader.gif
called
Not Found: /img/loader.gif
Not Found: /gallery/img/logo.png
called
Not Found: /robots.txt
Not Found: /static/hmc/images/shree.jpeg
Not Found: /favicon.ico
Not Found: /favicon.ico
Not Found: /img/loader.gif
Not Found: /gallery/img/logo.png
called
Not Found: /wp-login.php
Not Found: /wp-includes/wlwmanifest.xml
Not Found: /xmlrpc.php
Not Found: /blog/wp-includes/wlwmanifest.xml
Not Found: /web/wp-includes/wlwmanifest.xml
Not Found: /wordpress/wp-includes/wlwmanifest.xml
Not Found: /website/wp-includes/wlwmanifest.xml
Not Found: /wp/wp-includes/wlwmanifest.xml
Not Found: /news/wp-includes/wlwmanifest.xml
Not Found: /2018/wp-includes/wlwmanifest.xml
Not Found: /2019/wp-includes/wlwmanifest.xml
Not Found: /shop/wp-includes/wlwmanifest.xml
Not Found: /wp1/wp-includes/wlwmanifest.xml
Not Found: /test/wp-includes/wlwmanifest.xml
Not Found: /media/wp-includes/wlwmanifest.xml
Not Found: /wp2/wp-includes/wlwmanifest.xml
Not Found: /site/wp-includes/wlwmanifest.xml
Not Found: /cms/wp-includes/wlwmanifest.xml
Not Found: /sito/wp-includes/wlwmanifest.xml
Not Found: /wp-login.php
Not Found: /gallery/img/logo.png
called
Not Found: /robots.txt
Not Found: /favicon.ico
Not Found: /gallery/img/logo.png
Not Found: /img/loader.gif
Not Found: /administrator/index.php
Not Found: /administrator/index.php
Not Found: /administrator/index.php
called
Not Found: /wp-login.php
Not Found: /wordpress/wp-login.php
Not Found: /blog/wp-login.php
Not Found: /wp/wp-login.php
Not Found: /robots.txt
Not Found: /img/loader.gif
Not Found: /gallery/img/logo.png
called
Not Found: /img/loader.gif
Not Found: /gallery/img/logo.png
called
Not Found: /img/loader.gif
called
Not Found: /robots.txt
Not Found: /gallery/%7B%%20static%20'https://ajax.googleapis.com/ajax/libs/jquery/1.11.2/jquery.min.js
Not Found: /gallery/%7B%%20static%20'js/vendor/bootstrap.min.js
Not Found: /gallery/%7B%%20static%20'https://ajax.googleapis.com/ajax/libs/jquery/1.11.2/jquery.min.js
Not Found: /gallery/%7B%%20static%20'js/plugins.js
Not Found: /gallery/%7B%%20static%20'js/main.js
Not Found: /gallery/%7B%%20static%20'js/vendor/bootstrap.min.js
Not Found: /gallery/%7B%%20static%20'js/plugins.js
Not Found: /gallery/%7B%%20static%20'js/main.js
Not Found: /gallery/%7B%%20static%20'js/main.js
!
!
Not Found: /.env
Forbidden (CSRF cookie not set.): /
Not Found: /img/loader.gif
Not Found: /gallery/img/logo.png
called
Not Found: /img/loader.gif
called
Not Found: /img/loader.gif
Not Found: /gallery/img/logo.png
Not Found: /static/hmc/images/rahul.jpg
Not Found: /static/hmc/images/rugved.jpeg
Not Found: /static/hmc/images/shree.jpeg
Not Found: /static/hmc/images/snehith.jpg
Not Found: /static/hmc/images/rahul.jpg
Not Found: /static/hmc/images/rugved.jpeg
Not Found: /static/hmc/images/shree.jpeg
Not Found: /static/hmc/images/snehith.jpg
Not Found: /static/hmc/images/rahul.jpg
Not Found: /static/hmc/images/rugved.jpeg
Not Found: /static/hmc/images/shree.jpeg
Not Found: /static/hmc/images/snehith.jpg
called
Not Found: /.env
Forbidden (CSRF cookie not set.): /
Not Found: /static/hmc/images/rugved.jpeg
Not Found: /robots.txt
Not Found: /robots.txt
Not Found: /hcm/diileepkumarisback@gmail.com
Not Found: /img/loader.gif
Not Found: /img/loader.gif
Not Found: /gallery/img/logo.png
Not Found: /static/gallery/fonts/Etiquette/
Not Found: /gallery/%7B%%20static%20'https://ajax.googleapis.com/ajax/libs/jquery/1.11.2/jquery.min.js
Not Found: /gallery/%7B%%20static%20'js/vendor/bootstrap.min.js
Not Found: /gallery/%7B%%20static%20'js/plugins.js
Not Found: /gallery/%7B%%20static%20'js/main.js
Not Found: /static/hmc/images/rahul.jpg
Not Found: /static/hmc/images/rugved.jpeg
Not Found: /static/hmc/images/shree.jpeg
Not Found: /static/hmc/images/snehith.jpg
Not Found: /img/loader.gif
Not Found: /static/gallery/fonts/Etiquette/
Not Found: /gallery/%7B%%20static%20'https://ajax.googleapis.com/ajax/libs/jquery/1.11.2/jquery.min.js
Not Found: /gallery/%7B%%20static%20'js/vendor/bootstrap.min.js
Not Found: /gallery/%7B%%20static%20'js/plugins.js
Not Found: /gallery/%7B%%20static%20'js/main.js
Not Found: /img/loader.gif
Not Found: /gallery/%7B%%20static%20'https://ajax.googleapis.com/ajax/libs/jquery/1.11.2/jquery.min.js
Not Found: /static/gallery/fonts/Etiquette/
Not Found: /gallery/%7B%%20static%20'js/plugins.js
Not Found: /gallery/%7B%%20static%20'js/vendor/bootstrap.min.js
Not Found: /gallery/%7B%%20static%20'js/main.js
Not Found: /img/loader.gif
called
called
!
called
!
called
!
called
Not Found: /noticegc/imrdlib.js
Not Found: /static/notice/library/wtomenus/loader_wide_2011.js
Not Found: /library/authentication/jquery-1.11.2.min.js
Not Found: /library/authentication/jquery-cookie.js
Not Found: /library/authentication/json2.js
Not Found: /library/authentication/JavaScriptPrincipal.js
Not Found: /library/member_data_functions.js
Not Found: /library/wtomenus/common_logic_e.js
Not Found: /favicon.ico
Not Found: /robots.txt
Not Found: /img/loader.gif
Not Found: /gallery/img/logo.png
called
Not Found: /img/loader.gif
Not Found: /static/hmc/images/rahul.jpg
Not Found: /static/hmc/images/shree.jpeg
Not Found: /static/hmc/images/rugved.jpeg
Not Found: /static/hmc/images/snehith.jpg
called
Not Found: /favicon.ico
Not Found: /robots.txt
Not Found: /img/loader.gif
called
Not Found: /top
Not Found: /img/loader.gif
Not Found: /gallery/img/logo.png
called
called
Not Found: /gallery/img/logo.png
Not Found: /gallery/img/logo.png
Not Found: /favicon.ico
Not Found: /favicon.ico
Not Found: /static/gallery/fonts/Etiquette/
Not Found: /gallery/%7B%%20static%20'https://ajax.googleapis.com/ajax/libs/jquery/1.11.2/jquery.min.js
Not Found: /gallery/%7B%%20static%20'js/vendor/bootstrap.min.js
Not Found: /gallery/%7B%%20static%20'js/plugins.js
Not Found: /gallery/%7B%%20static%20'js/main.js
Not Found: /static/gallery/fonts/Etiquette/
Not Found: /gallery/%7B%%20static%20'https://ajax.googleapis.com/ajax/libs/jquery/1.11.2/jquery.min.js
Not Found: /gallery/%7B%%20static%20'js/vendor/bootstrap.min.js
Not Found: /gallery/%7B%%20static%20'js/plugins.js
Not Found: /gallery/%7B%%20static%20'js/main.js
!
Not Found: /img/loader.gif
Not Found: /gallery/img/logo.png
Not Found: /img/loader.gif
Not Found: /gallery/img/logo.png
Not Found: /static/home/js/vegas.min.js.map
Not Found: /static/home/css/bootstrap.min.css.map
Not Found: /favicon.ico
Not Found: /img/loader.gif
Not Found: /gallery/img/logo.png
Not Found: /img/loader.gif
Not Found: /gallery/img/logo.png
called
called
Not Found: /assets/global/plugins/jquery-file-upload/server/php/index.php
Not Found: /assets/plugins/jquery-file-upload/server/php/index.php
Not Found: /assets/jquery-file-upload/server/php/index.php
Not Found: /phpformbuilder/plugins/jQuery-File-Upload/server/php/index.php
Not Found: /img/loader.gif
Not Found: /gallery/img/logo.png
Not Found: /static/home/js/vegas.min.js.map
Not Found: /static/home/css/bootstrap.min.css.map
Not Found: /img/loader.gif
Not Found: /gallery/img/logo.png
Not Found: /img/loader.gif
Not Found: /gallery/img/logo.png
called
Not Found: /img/loader.gif
Not Found: /gallery/img/logo.png
Not Found: /static/gallery/fonts/Etiquette/
Not Found: /gallery/%7B%%20static%20'https://ajax.googleapis.com/ajax/libs/jquery/1.11.2/jquery.min.js
Not Found: /gallery/%7B%%20static%20'js/vendor/bootstrap.min.js
Not Found: /gallery/%7B%%20static%20'js/plugins.js
Not Found: /gallery/%7B%%20static%20'js/main.js
Not Found: /img/loader.gif
called
!
called
Not Found: /robots.txt
Not Found: /humans.txt
Not Found: /ads.txt
Not Found: /wp-login.php
Not Found: /img/loader.gif
Not Found: /gallery/img/logo.png
called
Not Found: /gallery/img/logo.png
Not Found: /favicon.ico
called
Not Found: /wp-includes/wlwmanifest.xml
Not Found: /xmlrpc.php
Not Found: /blog/wp-includes/wlwmanifest.xml
Not Found: /web/wp-includes/wlwmanifest.xml
Not Found: /wordpress/wp-includes/wlwmanifest.xml
Not Found: /website/wp-includes/wlwmanifest.xml
Not Found: /wp/wp-includes/wlwmanifest.xml
Not Found: /news/wp-includes/wlwmanifest.xml
Not Found: /2018/wp-includes/wlwmanifest.xml
Not Found: /2019/wp-includes/wlwmanifest.xml
Not Found: /shop/wp-includes/wlwmanifest.xml
Not Found: /wp1/wp-includes/wlwmanifest.xml
Not Found: /test/wp-includes/wlwmanifest.xml
Not Found: /media/wp-includes/wlwmanifest.xml
Not Found: /wp2/wp-includes/wlwmanifest.xml
Not Found: /site/wp-includes/wlwmanifest.xml
Not Found: /cms/wp-includes/wlwmanifest.xml
Not Found: /sito/wp-includes/wlwmanifest.xml
Not Found: /img/loader.gif
called
Not Found: /robots.txt
Not Found: /robots.txt
Not Found: /hcm/altamashzaidi14@gmail.com
Not Found: /robots.txt
Not Found: /img/loader.gif
Not Found: /gallery/img/logo.png
called
Not Found: /robots.txt
!
Not Found: /img/loader.gif
called
Not Found: /img/loader.gif
Not Found: /gallery/img/logo.png
Not Found: /static/hmc/images/rahul.jpg
Not Found: /static/hmc/images/rugved.jpeg
Not Found: /static/hmc/images/shree.jpeg
Not Found: /static/hmc/images/snehith.jpg
called
Not Found: /favicon.ico
Not Found: /static/hmc/images/rahul.jpg
called
Not Found: /img/loader.gif
Not Found: /gallery/img/logo.png
called
Not Found: /img/loader.gif
Not Found: /gallery/img/logo.png
called
Not Found: /robots.txt
Forbidden (CSRF cookie not set.): /
Not Found: /robots.txt
Not Found: /wp-commentin.php
called
Not Found: /robots.txt
Not Found: /robots.txt
Not Found: /top
Not Found: /top
Not Found: /robots.txt
called
!
called
called
Not Found: /img/loader.gif
Not Found: /gallery/img/logo.png
Not Found: /img/loader.gif
called
called
Not Found: /img/loader.gif
Not Found: /gallery/img/logo.png
Not Found: /img/loader.gif
called
called
Not Found: /img/loader.gif
Not Found: /gallery/img/logo.png
Not Found: /static/hmc/images/rahul.jpg
Not Found: /static/hmc/images/rugved.jpeg
Not Found: /static/hmc/images/shree.jpeg
Not Found: /static/hmc/images/snehith.jpg
Not Found: /top
Not Found: /static/fonts/open-iconic/open-iconic.woff
Not Found: /static/fonts/open-iconic/open-iconic.ttf
Not Found: /static/fonts/open-iconic/open-iconic.otf
Not Found: /img/loader.gif
called
called
Not Found: /favicon.ico
called
Not Found: /img/loader.gif
called
Not Found: /img/loader.gif
called
Not Found: /img/loader.gif
Not Found: /img/loader.gif
Not Found: /gallery/img/logo.png
called
called
OSError: LSAPI: Socket read/write error
Not Found: /robots.txt
Not Found: /img/loader.gif
Not Found: /gallery/img/logo.png
Not Found: /static/hmc/images/rahul.jpg
Not Found: /static/hmc/images/rugved.jpeg
Not Found: /static/hmc/images/shree.jpeg
Not Found: /static/hmc/images/snehith.jpg
called
Not Found: /img/loader.gif
Not Found: /static/hmc/images/rahul.jpg
Not Found: /static/hmc/images/rugved.jpeg
Not Found: /static/hmc/images/shree.jpeg
Not Found: /static/hmc/images/snehith.jpg
Not Found: /static/hmc/images/rahul.jpg
Not Found: /static/hmc/images/rugved.jpeg
Not Found: /static/hmc/images/shree.jpeg
Not Found: /static/hmc/images/snehith.jpg
Not Found: /static/hmc/images/rahul.jpg
Not Found: /static/hmc/images/rugved.jpeg
Not Found: /static/hmc/images/shree.jpeg
Not Found: /static/hmc/images/snehith.jpg
Not Found: /static/hmc/images/shree.jpeg
Not Found: /favicon.ico
called
Not Found: /gallery/img/logo.png
Not Found: /favicon.ico
Not Found: /static/hmc/images/shree.jpeg
Not Found: /static/hmc/images/rahul.jpg
Not Found: /static/hmc/images/rugved.jpeg
Not Found: /static/hmc/images/snehith.jpg
Not Found: /robots.txt
Not Found: /img/loader.gif
Not Found: /gallery/img/logo.png
called
Not Found: /robots.txt
Not Found: /robots.txt
Not Found: /robots.txt
Not Found: /robots.txt
Not Found: /sitemap.xml.gz
Not Found: /sitemap.xml.gz
Not Found: /sitemap.xml
Not Found: /sitemap.xml
!
called
called
Not Found: /favicon.ico
Not Found: /gallery/img/logo.png
Not Found: /img/loader.gif
called
called
Not Found: /img/loader.gif
Not Found: /gallery/img/logo.png
Not Found: /img/loader.gif
Not Found: /gallery/img/logo.png
Not Found: /static/hmc/images/rahul.jpg
Not Found: /static/hmc/images/rugved.jpeg
Not Found: /static/hmc/images/shree.jpeg
Not Found: /static/hmc/images/snehith.jpg
Not Found: /img/loader.gif
Not Found: /img/loader.gif
Not Found: /img/loader.gif
called
called
called
called
called
Not Found: /sitemap.xml
Not Found: /sitemap.xml.gz
Not Found: /img/loader.gif
called
Not Found: /robots.txt
Not Found: /robots.txt
Not Found: /robots.txt
Not Found: /favicon.ico
Not Found: /img/loader.gif
Not Found: /gallery/img/logo.png
called
called
called
Not Found: /cart.json
Not Found: /img/loader.gif
Not Found: /gallery/img/logo.png
Not Found: /static/hmc/images/rahul.jpg
Not Found: /static/hmc/images/rugved.jpeg
Not Found: /static/hmc/images/shree.jpeg
Not Found: /static/hmc/images/snehith.jpg
Not Found: /cart.json
Not Found: /img/loader.gif
Not Found: /gallery/img/logo.png
Not Found: /img/loader.gif
Not Found: /img/loader.gif
Not Found: /gallery/img/logo.png
Not Found: /img/loader.gif
called
called
called
called
called
Not Found: /cart.json
Not Found: /img/loader.gif
called
Not Found: /static/hmc/images/rahul.jpg
Not Found: /static/hmc/images/rugved.jpeg
Not Found: /static/hmc/images/shree.jpeg
Not Found: /static/hmc/images/snehith.jpg
Not Found: /cart.json
Not Found: /cart.json
Not Found: /img/loader.gif
Not Found: /static/hmc/images/rahul.jpg
Not Found: /static/hmc/images/rugved.jpeg
Not Found: /static/hmc/images/shree.jpeg
Not Found: /static/hmc/images/snehith.jpg
Not Found: /cart.json
Not Found: /cart.json
Not Found: /img/loader.gif
called
called
Not Found: /robots.txt
Not Found: /wp-admin/css/
Not Found: /.well-known/
Not Found: /sites/default/files/
[UID:1178][1826923] Child process with pid: 1826961 was killed by signal: 15, core dump: 0
Not Found: /uploads/
Not Found: /images/
Not Found: /files/
Not Found: /.env
Not Found: /wp-content/
Not Found: /static/hmc/images/rugved.jpeg
Not Found: /wp-includes/wlwmanifest.xml
Not Found: /xmlrpc.php
Not Found: /blog/wp-includes/wlwmanifest.xml
Not Found: /web/wp-includes/wlwmanifest.xml
Not Found: /wordpress/wp-includes/wlwmanifest.xml
Not Found: /website/wp-includes/wlwmanifest.xml
Not Found: /wp/wp-includes/wlwmanifest.xml
Not Found: /news/wp-includes/wlwmanifest.xml
Not Found: /2018/wp-includes/wlwmanifest.xml
Not Found: /2019/wp-includes/wlwmanifest.xml
Not Found: /shop/wp-includes/wlwmanifest.xml
Not Found: /wp1/wp-includes/wlwmanifest.xml
Not Found: /test/wp-includes/wlwmanifest.xml
Not Found: /media/wp-includes/wlwmanifest.xml
Not Found: /wp2/wp-includes/wlwmanifest.xml
Not Found: /site/wp-includes/wlwmanifest.xml
Not Found: /cms/wp-includes/wlwmanifest.xml
Not Found: /sito/wp-includes/wlwmanifest.xml
called
Not Found: /img/loader.gif
Not Found: /gallery/img/logo.png
called
Not Found: /robots.txt
Not Found: /img/loader.gif
called
Not Found: /img/loader.gif
Not Found: /gallery/img/logo.png
called
Not Found: /robots.txt
Not Found: /static/hmc/images/shree.jpeg
Not Found: /robots.txt
Not Found: /img/loader.gif
Not Found: /gallery/img/logo.png
called
Not Found: /favicon.ico
Not Found: /favicon.ico
Not Found: /img/loader.gif
Not Found: /gallery/img/logo.png
called
Not Found: /BLOG/
Not Found: /img/loader.gif
Not Found: /gallery/img/logo.png
Not Found: /static/hmc/images/rahul.jpg
Not Found: /static/hmc/images/shree.jpeg
Not Found: /static/hmc/images/rugved.jpeg
Not Found: /static/hmc/images/snehith.jpg
called
Not Found: /img/loader.gif
called
Not Found: /img/loader.gif
Not Found: /gallery/img/logo.png
called
Not Found: /static/hmc/images/snehith.jpg
Not Found: /img/loader.gif
Not Found: /gallery/img/logo.png
Not Found: /static/gallery/fonts/Etiquette/
Not Found: /gallery/%7B%%20static%20'https://ajax.googleapis.com/ajax/libs/jquery/1.11.2/jquery.min.js
Not Found: /gallery/%7B%%20static%20'js/vendor/bootstrap.min.js
Not Found: /gallery/%7B%%20static%20'js/plugins.js
Not Found: /gallery/%7B%%20static%20'js/main.js
Not Found: /static/gallery/apple-touch-icon.png
Not Found: /favicon.ico
called
!
called
called
Not Found: /robots.txt
Not Found: /img/loader.gif
Not Found: /gallery/img/logo.png
called
Not Found: /robots.txt
Not Found: /sitemap.xml
Not Found: /top
Not Found: /ads.txt
Not Found: /static/hmc/images/rahul.jpg
called
Not Found: /img/loader.gif
Not Found: /img/loader.gif
called
called
Not Found: /gallery/img/logo.png
Not Found: /gallery/img/logo.png
Not Found: /robots.txt
Not Found: /gallery/img/logo.png
Not Found: /favicon.ico
Not Found: /img/loader.gif
Not Found: /gallery/img/logo.png
Not Found: /static/gallery/fonts/Etiquette/
Not Found: /gallery/%7B%%20static%20'https://ajax.googleapis.com/ajax/libs/jquery/1.11.2/jquery.min.js
Not Found: /gallery/%7B%%20static%20'js/vendor/bootstrap.min.js
Not Found: /gallery/%7B%%20static%20'js/plugins.js
Not Found: /gallery/%7B%%20static%20'js/main.js
Not Found: /static/gallery/fonts/Etiquette/
Not Found: /gallery/%7B%%20static%20'https://ajax.googleapis.com/ajax/libs/jquery/1.11.2/jquery.min.js
Not Found: /gallery/%7B%%20static%20'js/vendor/bootstrap.min.js
Not Found: /gallery/%7B%%20static%20'js/plugins.js
Not Found: /gallery/%7B%%20static%20'js/main.js
Not Found: /img/loader.gif
Not Found: /gallery/%7B%%20static%20'https://ajax.googleapis.com/ajax/libs/jquery/1.11.2/jquery.min.js
Not Found: /static/gallery/fonts/Etiquette/
Not Found: /gallery/%7B%%20static%20'js/vendor/bootstrap.min.js
Not Found: /gallery/%7B%%20static%20'js/plugins.js
Not Found: /gallery/%7B%%20static%20'js/main.js
Not Found: /static/hmc/images/rahul.jpg
Not Found: /static/hmc/images/rugved.jpeg
Not Found: /static/hmc/images/shree.jpeg
Not Found: /static/hmc/images/snehith.jpg
Not Found: /static/hmc/images/rahul.jpg
Not Found: /static/hmc/images/rugved.jpeg
Not Found: /static/hmc/images/shree.jpeg
Not Found: /static/hmc/images/snehith.jpg
Not Found: /static/hmc/images/rahul.jpg
called
called
!
!
!
!
called
